SF:lib\data\datasources\movie_local_data_source.dart
DA:26,1
DA:29,1
DA:31,3
DA:34,2
DA:39,1
DA:41,3
DA:44,2
DA:49,1
DA:50,3
DA:52,1
DA:59,1
DA:60,3
DA:61,4
DA:66,1
DA:67,3
DA:68,4
DA:72,1
DA:74,3
DA:77,2
DA:82,1
DA:84,3
DA:87,2
LF:22
LH:22
end_of_record
SF:lib\utils\exception.dart
DA:6,2
LF:1
LH:1
end_of_record
SF:lib\data\models\movie_table.dart
DA:11,2
DA:18,2
DA:19,1
DA:20,1
DA:21,1
DA:22,1
DA:25,2
DA:26,1
DA:27,1
DA:28,1
DA:29,1
DA:32,0
DA:33,0
DA:34,0
DA:35,0
DA:36,0
DA:40,2
DA:41,1
DA:42,1
DA:43,1
DA:44,1
DA:47,2
DA:48,10
LF:23
LH:18
end_of_record
SF:lib\data\models\tv_table.dart
DA:11,2
DA:17,2
DA:18,1
DA:19,1
DA:20,1
DA:21,1
DA:23,2
DA:24,1
DA:25,1
DA:26,1
DA:27,1
DA:30,0
DA:31,0
DA:32,0
DA:33,0
DA:34,0
DA:38,2
DA:39,1
DA:40,1
DA:41,1
DA:42,1
DA:45,2
DA:46,10
LF:23
LH:18
end_of_record
SF:lib\domain\entities\genre.dart
DA:4,10
DA:12,4
DA:13,12
LF:3
LH:3
end_of_record
SF:lib\domain\entities\movie.dart
DA:4,12
DA:20,1
DA:41,8
DA:42,8
DA:43,8
DA:44,8
DA:45,8
DA:46,8
DA:47,8
DA:48,8
DA:49,8
DA:50,8
DA:51,8
DA:52,8
DA:53,8
DA:54,8
DA:55,8
LF:17
LH:17
end_of_record
SF:lib\domain\entities\movie_detail.dart
DA:6,7
DA:34,2
DA:35,2
DA:36,2
DA:37,2
DA:38,2
DA:39,2
DA:40,2
DA:41,2
DA:42,2
DA:43,2
DA:44,2
DA:45,2
DA:46,2
LF:14
LH:14
end_of_record
SF:lib\domain\entities\season.dart
DA:12,3
DA:21,2
DA:22,2
DA:23,2
DA:24,2
DA:25,2
DA:26,2
DA:27,2
DA:28,2
DA:29,2
LF:10
LH:10
end_of_record
SF:lib\domain\entities\tv.dart
DA:6,6
DA:20,1
DA:42,6
DA:43,6
DA:44,6
DA:45,6
DA:46,6
DA:47,6
DA:48,6
DA:49,6
DA:50,6
DA:51,6
DA:52,6
DA:53,6
DA:54,6
DA:55,6
LF:16
LH:16
end_of_record
SF:lib\domain\entities\tv_detail.dart
DA:26,3
DA:44,2
DA:45,2
DA:46,2
DA:47,2
DA:48,2
DA:49,2
DA:50,2
DA:51,2
DA:52,2
DA:53,2
DA:54,2
DA:55,2
DA:56,2
DA:57,2
DA:58,2
DA:59,2
DA:60,2
DA:61,2
DA:62,2
LF:20
LH:20
end_of_record
SF:lib\data\datasources\db\database_helper.dart
DA:10,0
DA:14,0
DA:18,0
DA:20,0
DA:29,0
DA:30,0
DA:31,0
DA:33,0
DA:37,0
DA:38,0
DA:46,0
DA:49,0
DA:50,0
DA:51,0
DA:54,0
DA:55,0
DA:56,0
DA:59,0
DA:60,0
DA:61,0
DA:64,0
DA:68,0
DA:69,0
DA:70,0
DA:73,0
DA:77,0
DA:78,0
DA:79,0
DA:82,0
DA:85,0
DA:86,0
DA:93,0
DA:94,0
DA:96,0
DA:101,0
DA:102,0
DA:104,0
LF:37
LH:0
end_of_record
SF:lib\data\datasources\movie_remote_data_source.dart
DA:44,1
DA:47,1
DA:49,5
DA:51,2
DA:52,4
DA:54,1
DA:59,1
DA:61,5
DA:63,2
DA:64,3
DA:66,1
DA:71,1
DA:72,2
DA:73,3
DA:75,2
DA:76,4
DA:78,1
DA:83,1
DA:85,5
DA:87,2
DA:88,4
DA:90,1
DA:95,1
DA:97,5
DA:99,2
DA:100,4
DA:102,1
DA:107,1
DA:108,2
DA:109,3
DA:111,2
DA:112,4
DA:114,1
DA:119,1
DA:121,5
DA:123,2
DA:124,4
DA:126,1
DA:131,1
DA:133,5
DA:135,2
DA:136,4
DA:138,1
DA:143,1
DA:145,5
DA:147,2
DA:148,4
DA:150,1
DA:155,1
DA:157,5
DA:159,2
DA:160,4
DA:162,1
DA:167,0
DA:168,0
DA:169,0
DA:170,0
DA:172,0
DA:177,1
DA:178,5
DA:179,2
DA:180,4
DA:182,1
LF:63
LH:58
end_of_record
SF:lib\data\models\movie_detail_model.dart
DA:7,3
DA:53,1
DA:54,1
DA:55,1
DA:56,1
DA:57,1
DA:58,1
DA:59,4
DA:60,1
DA:61,1
DA:62,1
DA:63,1
DA:64,1
DA:65,1
DA:66,2
DA:67,1
DA:68,1
DA:69,1
DA:70,1
DA:71,1
DA:72,1
DA:73,1
DA:74,1
DA:75,2
DA:76,1
DA:79,2
DA:80,1
DA:81,1
DA:82,1
DA:83,5
DA:84,1
DA:85,1
DA:86,1
DA:87,1
DA:88,1
DA:89,1
DA:90,1
DA:91,1
DA:92,1
DA:93,1
DA:94,1
DA:95,1
DA:96,1
DA:97,1
DA:98,1
DA:99,1
DA:100,1
DA:103,1
DA:104,1
DA:105,1
DA:106,1
DA:107,5
DA:108,1
DA:109,1
DA:110,1
DA:111,1
DA:112,1
DA:113,1
DA:114,1
DA:115,1
DA:116,1
DA:120,1
DA:121,1
DA:122,1
DA:123,1
DA:124,1
DA:125,1
DA:126,1
DA:127,1
DA:128,1
DA:129,1
DA:130,1
DA:131,1
DA:132,1
DA:133,1
DA:134,1
DA:135,1
DA:136,1
DA:137,1
DA:138,1
DA:139,1
DA:140,1
DA:141,1
DA:142,1
LF:84
LH:84
end_of_record
SF:lib\data\models\movie_model.dart
DA:5,4
DA:35,4
DA:36,2
DA:37,2
DA:38,8
DA:39,2
DA:40,2
DA:41,2
DA:42,4
DA:43,2
DA:44,2
DA:45,2
DA:46,2
DA:47,4
DA:48,2
DA:51,2
DA:52,1
DA:53,1
DA:54,4
DA:55,1
DA:56,1
DA:57,1
DA:58,1
DA:59,1
DA:60,1
DA:61,1
DA:62,1
DA:63,1
DA:64,1
DA:67,2
DA:68,2
DA:69,2
DA:70,2
DA:71,2
DA:72,2
DA:73,2
DA:74,2
DA:75,2
DA:76,2
DA:77,2
DA:78,2
DA:79,2
DA:80,2
DA:81,2
DA:85,2
DA:86,2
DA:87,2
DA:88,2
DA:89,2
DA:90,2
DA:91,2
DA:92,2
DA:93,2
DA:94,2
DA:95,2
DA:96,2
DA:97,2
DA:98,2
DA:99,2
LF:59
LH:59
end_of_record
SF:lib\data\models\tv_detail_model.dart
DA:26,1
DA:45,0
DA:46,0
DA:47,0
DA:48,0
DA:49,0
DA:50,0
DA:51,0
DA:52,0
DA:53,0
DA:54,0
DA:55,0
DA:56,0
DA:57,0
DA:58,0
DA:59,0
DA:60,0
DA:61,0
DA:62,0
DA:63,0
DA:64,0
DA:65,0
DA:67,1
DA:68,1
DA:69,1
DA:70,1
DA:71,5
DA:72,1
DA:73,1
DA:74,1
DA:75,1
DA:76,1
DA:77,1
DA:78,1
DA:79,1
DA:80,1
DA:81,1
DA:82,5
DA:83,1
DA:84,1
DA:85,1
DA:88,0
DA:89,0
DA:90,0
DA:91,0
DA:92,0
DA:93,0
DA:94,0
DA:95,0
DA:96,0
DA:97,0
DA:98,0
DA:99,0
DA:100,0
DA:101,0
DA:102,0
DA:103,0
DA:104,0
DA:105,0
DA:106,0
LF:60
LH:20
end_of_record
SF:lib\data\models\tv_model.dart
DA:18,2
DA:32,2
DA:33,1
DA:34,1
DA:35,2
DA:36,1
DA:37,2
DA:38,1
DA:39,1
DA:40,4
DA:41,1
DA:42,1
DA:43,1
DA:44,1
DA:46,1
DA:47,1
DA:48,1
DA:49,1
DA:50,1
DA:51,1
DA:52,1
DA:53,1
DA:54,1
DA:55,1
DA:56,1
DA:57,1
DA:58,1
DA:59,1
DA:62,1
DA:63,1
DA:64,1
DA:65,1
DA:66,1
DA:67,1
DA:68,1
DA:69,1
DA:70,1
DA:71,1
DA:72,1
DA:73,1
DA:74,1
DA:75,1
LF:42
LH:42
end_of_record
SF:lib\utils\failure.dart
DA:6,12
DA:8,1
DA:9,2
DA:13,22
DA:17,2
DA:21,4
LF:6
LH:6
end_of_record
SF:lib\data\models\movie_response.dart
DA:8,2
DA:10,4
DA:11,4
DA:12,6
DA:13,6
DA:16,2
DA:17,5
DA:20,1
DA:21,2
LF:9
LH:9
end_of_record
SF:lib\data\models\tv_response.dart
DA:7,1
DA:9,2
DA:10,2
DA:11,3
DA:12,3
DA:14,0
DA:15,0
LF:7
LH:5
end_of_record
SF:lib\data\models\genre_model.dart
DA:5,4
DA:13,2
DA:14,1
DA:15,1
DA:18,2
DA:19,1
DA:20,1
DA:23,2
DA:24,6
DA:27,1
DA:28,3
LF:11
LH:11
end_of_record
SF:lib\data\models\season_model.dart
DA:13,1
DA:22,0
DA:23,0
DA:24,0
DA:25,0
DA:26,0
DA:27,0
DA:28,0
DA:29,0
DA:31,1
DA:32,1
DA:33,1
DA:34,1
DA:35,1
DA:36,1
DA:37,1
DA:38,1
DA:39,1
DA:42,0
DA:44,0
LF:20
LH:10
end_of_record
SF:lib\domain\usecases\get_movie_detail.dart
DA:9,1
DA:11,1
DA:12,2
LF:3
LH:3
end_of_record
SF:lib\data\repositories\movie_repository_impl.dart
DA:20,1
DA:26,1
DA:28,3
DA:29,5
DA:30,1
DA:31,2
DA:32,1
DA:33,2
DA:38,1
DA:40,3
DA:41,2
DA:42,1
DA:43,2
DA:44,1
DA:45,2
DA:50,1
DA:52,3
DA:53,3
DA:54,1
DA:55,2
DA:56,1
DA:57,2
DA:62,1
DA:64,3
DA:65,5
DA:66,1
DA:67,2
DA:68,1
DA:69,2
DA:74,1
DA:76,3
DA:77,5
DA:78,1
DA:79,2
DA:80,1
DA:81,2
DA:86,1
DA:88,3
DA:89,5
DA:90,1
DA:91,2
DA:92,1
DA:93,2
DA:98,1
DA:101,4
DA:102,1
DA:103,1
DA:104,3
DA:111,1
DA:114,4
DA:115,1
DA:116,1
DA:117,3
DA:122,1
DA:123,3
DA:128,1
DA:129,3
DA:130,5
DA:134,1
DA:136,3
DA:137,5
DA:138,1
DA:139,2
DA:140,1
DA:141,2
DA:146,1
DA:148,3
DA:149,5
DA:150,1
DA:151,2
DA:152,1
DA:153,2
DA:158,1
DA:160,3
DA:161,5
DA:162,1
DA:163,2
DA:164,1
DA:165,2
DA:170,1
DA:172,3
DA:173,5
DA:174,1
DA:175,2
DA:176,1
DA:177,2
DA:182,1
DA:184,3
DA:185,2
DA:186,1
DA:187,2
DA:188,1
DA:189,2
DA:194,1
DA:197,4
DA:198,1
DA:199,1
DA:200,3
DA:207,1
DA:210,4
DA:211,1
DA:212,1
DA:213,3
DA:220,1
DA:221,3
DA:222,5
DA:226,1
DA:228,3
DA:229,3
DA:230,1
DA:231,2
DA:232,1
DA:233,2
LF:113
LH:113
end_of_record
SF:lib\domain\usecases\get_movie_recommendations.dart
DA:9,1
DA:11,1
DA:12,2
LF:3
LH:3
end_of_record
SF:lib\domain\usecases\get_now_playing_movies.dart
DA:9,1
DA:11,1
DA:12,2
LF:3
LH:3
end_of_record
SF:lib\domain\usecases\get_tv_on_the_air.dart
DA:9,1
DA:11,1
DA:12,2
LF:3
LH:3
end_of_record
SF:lib\domain\usecases\get_popular_movies.dart
DA:9,1
DA:11,1
DA:12,2
LF:3
LH:3
end_of_record
SF:lib\domain\usecases\get_popular_tv.dart
DA:9,1
DA:11,1
DA:12,2
LF:3
LH:3
end_of_record
SF:lib\domain\usecases\get_top_rated_movies.dart
DA:9,1
DA:11,1
DA:12,2
LF:3
LH:3
end_of_record
SF:lib\domain\usecases\get_top_rated.dart
DA:9,1
DA:11,1
DA:12,2
LF:3
LH:3
end_of_record
SF:lib\domain\usecases\get_tv_detail.dart
DA:9,1
DA:11,1
DA:12,2
LF:3
LH:3
end_of_record
SF:lib\domain\usecases\get_tv_recommendations.dart
DA:9,1
DA:11,1
DA:12,2
LF:3
LH:3
end_of_record
SF:lib\domain\usecases\get_watchlist_movies.dart
DA:9,1
DA:11,1
DA:12,2
LF:3
LH:3
end_of_record
SF:lib\domain\usecases\get_watchlist_status.dart
DA:7,1
DA:9,1
DA:10,2
LF:3
LH:3
end_of_record
SF:lib\domain\usecases\remove_watchlist.dart
DA:9,1
DA:11,1
DA:12,2
LF:3
LH:3
end_of_record
SF:lib\domain\usecases\save_watchlist.dart
DA:9,1
DA:11,1
DA:12,2
LF:3
LH:3
end_of_record
SF:lib\domain\usecases\search_movies.dart
DA:9,1
DA:11,1
DA:12,2
LF:3
LH:3
end_of_record
SF:lib\domain\usecases\search_tv.dart
DA:9,1
DA:11,1
DA:12,2
LF:3
LH:3
end_of_record
SF:lib\presentation\bloc\detail_movie\detail_movie_state.dart
DA:4,2
DA:6,1
DA:7,1
DA:17,1
DA:19,1
DA:20,2
DA:28,0
DA:30,0
DA:31,0
DA:38,2
DA:40,1
DA:41,3
LF:12
LH:9
end_of_record
SF:lib\presentation\bloc\detail_movie\detail_movie_event.dart
DA:4,0
DA:5,0
DA:11,2
DA:13,1
DA:14,2
LF:5
LH:3
end_of_record
SF:lib\presentation\bloc\detail_movie\detail_movie_bloc.dart
DA:16,1
DA:17,2
DA:18,1
DA:19,1
DA:20,1
DA:22,2
DA:23,3
DA:24,3
DA:26,1
DA:27,1
DA:28,3
DA:30,1
DA:31,2
DA:32,1
DA:33,1
DA:34,3
DA:36,1
DA:37,2
LF:18
LH:18
end_of_record
SF:lib\styles\text_styles.dart
DA:6,2
DA:7,1
DA:8,9
DA:10,0
DA:12,0
DA:16,0
LF:6
LH:3
end_of_record
SF:lib\utils\state_enum.dart
DA:1,13
LF:1
LH:1
end_of_record
SF:lib\presentation\bloc\detail_tv\detail_tv_event.dart
DA:4,0
DA:5,0
DA:11,1
DA:13,0
DA:14,0
LF:5
LH:1
end_of_record
SF:lib\presentation\bloc\detail_tv\detail_tv_state.dart
DA:4,1
DA:5,1
DA:15,1
DA:17,1
DA:18,2
DA:26,1
DA:28,1
DA:29,2
DA:36,1
DA:38,1
DA:39,3
LF:11
LH:11
end_of_record
SF:lib\presentation\bloc\detail_tv\detail_tv_bloc.dart
DA:16,1
DA:17,2
DA:18,1
DA:19,1
DA:20,1
DA:22,2
DA:23,3
DA:24,3
DA:26,1
DA:27,1
DA:28,3
DA:30,1
DA:31,2
DA:32,1
DA:33,1
DA:34,3
DA:36,1
DA:37,2
LF:18
LH:18
end_of_record
SF:lib\presentation\bloc\movie_list\now_playing_movie_state.dart
DA:4,1
DA:6,1
DA:7,1
DA:17,1
DA:19,1
DA:20,2
DA:26,1
DA:28,1
DA:29,2
LF:9
LH:9
end_of_record
SF:lib\presentation\bloc\movie_list\now_playing_movie_event.dart
DA:4,1
DA:6,0
DA:7,0
DA:11,0
DA:12,0
LF:5
LH:1
end_of_record
SF:lib\presentation\bloc\movie_list\now_playing_movie_bloc.dart
DA:12,3
DA:13,2
DA:14,2
DA:15,3
DA:17,1
DA:18,1
DA:19,3
DA:21,1
DA:22,2
LF:9
LH:9
end_of_record
SF:lib\presentation\bloc\tv_list\on_the_air_event.dart
DA:4,0
DA:5,0
DA:9,0
DA:10,0
LF:4
LH:0
end_of_record
SF:lib\presentation\bloc\tv_list\on_the_air_state.dart
DA:4,1
DA:5,1
DA:15,1
DA:17,1
DA:18,2
DA:24,1
DA:26,1
DA:27,2
LF:8
LH:8
end_of_record
SF:lib\presentation\bloc\tv_list\on_the_air_bloc.dart
DA:13,3
DA:14,1
DA:15,1
DA:16,2
DA:17,3
DA:18,1
DA:19,1
DA:20,3
DA:22,1
DA:23,2
LF:10
LH:10
end_of_record
SF:lib\presentation\bloc\movie_list\popular_movies_state.dart
DA:5,2
DA:6,1
DA:7,1
DA:14,2
DA:16,1
DA:17,2
DA:24,2
DA:26,1
DA:27,2
LF:9
LH:9
end_of_record
SF:lib\presentation\bloc\movie_list\popular_movies_event.dart
DA:4,2
DA:6,0
DA:7,0
DA:11,1
DA:12,1
LF:5
LH:3
end_of_record
SF:lib\presentation\bloc\movie_list\popular_movies_bloc.dart
DA:13,3
DA:14,2
DA:15,2
DA:16,3
DA:18,2
DA:19,3
DA:20,1
DA:21,2
LF:8
LH:8
end_of_record
SF:lib\presentation\bloc\tv_list\popular_tv_state.dart
DA:4,1
DA:5,1
DA:15,1
DA:17,1
DA:18,2
DA:24,1
DA:26,1
DA:27,2
LF:8
LH:8
end_of_record
SF:lib\presentation\bloc\tv_list\popular_tv_bloc.dart
DA:13,3
DA:14,1
DA:15,1
DA:16,2
DA:17,3
DA:18,1
DA:19,1
DA:20,3
DA:22,1
DA:23,2
LF:10
LH:10
end_of_record
SF:lib\presentation\bloc\tv_list\popular_tv_event.dart
DA:5,0
DA:6,0
DA:10,0
DA:11,0
LF:4
LH:0
end_of_record
SF:lib\presentation\bloc\search_movie\search_bloc.dart
DA:14,3
DA:15,2
DA:16,1
DA:18,2
DA:19,3
DA:21,1
DA:22,1
DA:23,3
DA:25,1
DA:26,2
DA:29,1
LF:11
LH:11
end_of_record
SF:lib\presentation\bloc\search_movie\search_state.dart
DA:4,1
DA:6,1
DA:7,1
DA:17,1
DA:19,1
DA:20,2
DA:26,1
DA:28,1
DA:29,2
LF:9
LH:9
end_of_record
SF:lib\presentation\bloc\search_movie\search_event.dart
DA:4,1
DA:6,0
DA:7,0
DA:13,1
DA:15,0
DA:16,0
LF:6
LH:2
end_of_record
SF:lib\utils\debounce.dart
DA:5,1
DA:6,3
LF:2
LH:2
end_of_record
SF:lib\presentation\bloc\search_tv\tv_search_state.dart
DA:4,1
DA:5,1
DA:15,1
DA:17,1
DA:18,2
DA:24,1
DA:26,1
DA:27,2
LF:8
LH:8
end_of_record
SF:lib\presentation\bloc\search_tv\tv_search_event.dart
DA:4,0
DA:5,0
DA:11,1
DA:13,0
DA:14,0
LF:5
LH:1
end_of_record
SF:lib\presentation\bloc\search_tv\tv_search_bloc.dart
DA:13,3
DA:14,1
DA:15,1
DA:16,1
DA:17,2
DA:18,3
DA:19,1
DA:20,1
DA:21,3
DA:23,1
DA:24,2
LF:11
LH:11
end_of_record
SF:lib\presentation\bloc\movie_list\top_rated_movies_bloc.dart
DA:15,3
DA:16,2
DA:17,2
DA:18,3
DA:19,2
DA:20,3
DA:21,1
DA:22,2
LF:8
LH:8
end_of_record
SF:lib\presentation\bloc\movie_list\top_rated_movies_event.dart
DA:5,0
DA:6,0
DA:10,1
DA:11,1
LF:4
LH:2
end_of_record
SF:lib\presentation\bloc\movie_list\top_rated_movies_state.dart
DA:4,2
DA:6,1
DA:7,1
DA:15,2
DA:17,1
DA:18,2
DA:26,2
DA:28,1
DA:29,2
LF:9
LH:9
end_of_record
SF:lib\presentation\bloc\tv_list\top_rated_tv_event.dart
DA:5,0
DA:6,0
DA:10,0
DA:11,0
LF:4
LH:0
end_of_record
SF:lib\presentation\bloc\tv_list\top_rated_tv_bloc.dart
DA:13,3
DA:14,1
DA:15,1
DA:16,2
DA:17,3
DA:18,1
DA:19,1
DA:20,3
DA:22,1
DA:23,2
LF:10
LH:10
end_of_record
SF:lib\presentation\bloc\tv_list\top_rated_tv_state.dart
DA:4,1
DA:5,1
DA:15,1
DA:17,1
DA:18,2
DA:24,1
DA:26,1
DA:27,2
LF:8
LH:8
end_of_record
SF:lib\presentation\bloc\watchlist_movie\watchlist_movie_state.dart
DA:4,3
DA:6,1
DA:7,1
DA:17,1
DA:19,1
DA:20,2
DA:26,1
DA:28,1
DA:29,2
DA:35,2
DA:37,1
DA:38,2
DA:44,2
DA:46,1
DA:47,2
LF:15
LH:15
end_of_record
SF:lib\presentation\bloc\watchlist_movie\watchlist_movie_event.dart
DA:4,0
DA:5,0
DA:11,2
DA:13,1
DA:14,2
DA:18,0
DA:19,0
DA:25,2
DA:27,0
DA:28,0
DA:34,1
DA:36,0
DA:37,0
LF:13
LH:5
end_of_record
SF:lib\presentation\bloc\watchlist_movie\watchlist_movie_bloc.dart
DA:23,1
DA:25,2
DA:26,2
DA:27,1
DA:28,3
DA:29,2
DA:32,2
DA:33,1
DA:34,3
DA:35,1
DA:36,1
DA:37,3
DA:39,1
DA:40,2
DA:44,4
DA:47,2
DA:48,1
DA:49,3
DA:50,2
DA:51,1
DA:52,3
DA:54,1
DA:55,2
DA:59,4
DA:62,1
DA:63,1
DA:64,2
DA:65,3
DA:66,1
DA:67,1
DA:68,3
DA:70,1
DA:71,2
LF:33
LH:33
end_of_record
SF:lib\presentation\pages\movie_detail_page.dart
DA:20,1
DA:22,1
DA:23,1
DA:27,1
DA:29,1
DA:30,2
DA:31,6
DA:32,6
DA:36,1
DA:38,1
DA:39,1
DA:40,1
DA:41,2
DA:43,2
DA:45,2
DA:46,1
DA:47,2
DA:51,1
DA:53,1
DA:54,1
DA:55,2
DA:62,1
DA:63,1
DA:64,1
DA:65,1
DA:66,1
DA:67,1
DA:71,1
DA:72,1
DA:73,1
DA:74,1
DA:75,1
DA:77,1
DA:78,1
DA:81,1
DA:82,0
DA:99,1
DA:101,1
DA:103,3
DA:104,1
DA:105,1
DA:106,1
DA:107,3
DA:109,2
DA:110,1
DA:112,0
DA:114,1
DA:116,1
DA:117,1
DA:118,1
DA:119,1
DA:121,2
DA:128,1
DA:129,1
DA:130,1
DA:132,1
DA:134,1
DA:136,1
DA:137,1
DA:138,2
DA:139,1
DA:141,1
DA:142,1
DA:143,1
DA:145,1
DA:146,3
DA:149,0
DA:150,0
DA:154,1
DA:156,1
DA:157,1
DA:158,1
DA:159,1
DA:160,1
DA:164,1
DA:165,3
DA:167,1
DA:168,3
DA:170,1
DA:171,1
DA:172,1
DA:173,3
DA:175,2
DA:181,4
DA:184,1
DA:185,1
DA:187,1
DA:189,1
DA:190,2
DA:192,1
DA:193,1
DA:195,1
DA:197,1
DA:198,1
DA:199,1
DA:200,0
DA:201,0
DA:203,1
DA:204,0
DA:205,1
DA:206,1
DA:208,1
DA:210,1
DA:212,2
DA:213,1
DA:215,1
DA:216,0
DA:217,0
DA:220,0
DA:223,1
DA:224,1
DA:225,1
DA:227,1
DA:229,2
DA:230,1
DA:231,1
DA:233,1
DA:236,0
DA:237,0
DA:244,2
DA:248,0
DA:256,1
DA:258,1
DA:273,1
DA:275,1
DA:278,1
DA:279,1
DA:280,0
DA:281,0
DA:290,1
DA:292,2
DA:293,3
DA:296,1
DA:300,3
DA:303,1
DA:304,1
DA:305,1
DA:307,1
DA:308,1
DA:310,0
LF:140
LH:124
end_of_record
SF:lib\presentation\pages\popular_movies_page.dart
DA:10,1
DA:11,1
DA:15,1
DA:17,1
DA:18,4
DA:21,1
DA:23,1
DA:24,1
DA:25,1
DA:27,1
DA:29,1
DA:30,1
DA:31,1
DA:32,1
DA:33,1
DA:35,1
DA:36,1
DA:37,1
DA:38,2
DA:39,1
DA:41,2
DA:43,1
DA:44,1
DA:45,1
DA:46,2
DA:49,0
DA:50,0
LF:27
LH:25
end_of_record
SF:lib\presentation\widgets\movie_card_list.dart
DA:11,2
DA:13,2
DA:15,2
DA:17,2
DA:18,0
DA:19,0
DA:22,0
DA:25,2
DA:27,2
DA:28,2
DA:29,2
DA:35,2
DA:37,2
DA:38,2
DA:39,4
DA:42,2
DA:44,2
DA:45,2
DA:46,4
DA:54,2
DA:59,2
DA:60,2
DA:61,6
DA:63,4
DA:64,2
DA:66,0
DA:68,4
LF:27
LH:23
end_of_record
SF:lib\presentation\pages\top_rated_movies_page.dart
DA:10,1
DA:11,1
DA:15,1
DA:17,1
DA:18,4
DA:21,1
DA:23,1
DA:24,1
DA:25,1
DA:27,1
DA:29,1
DA:30,1
DA:31,1
DA:32,1
DA:33,1
DA:35,1
DA:36,1
DA:37,1
DA:38,2
DA:39,1
DA:41,2
DA:43,1
DA:44,1
DA:45,1
DA:46,2
DA:49,0
DA:50,0
LF:27
LH:25
end_of_record
